[debug] [2021-02-16T06:18:24.529Z] ----------------------------------------------------------------------
[debug] [2021-02-16T06:18:24.532Z] Command:       C:\Program Files\nodejs\node.exe C:\Users\Я\AppData\Roaming\npm\node_modules\firebase-tools\lib\bin\firebase.js init
[debug] [2021-02-16T06:18:24.533Z] CLI Version:   9.3.0
[debug] [2021-02-16T06:18:24.533Z] Platform:      win32
[debug] [2021-02-16T06:18:24.533Z] Node Version:  v14.11.0
[debug] [2021-02-16T06:18:24.534Z] Time:          Tue Feb 16 2021 09:18:24 GMT+0300 (Москва, стандартное время)
[debug] [2021-02-16T06:18:24.534Z] ----------------------------------------------------------------------
[debug] [2021-02-16T06:18:24.534Z] 
[debug] [2021-02-16T06:18:24.537Z] >>> [apiv2][query] GET https://firebase-public.firebaseio.com/cli.json [none]
[debug] [2021-02-16T06:18:24.562Z] > command requires scopes: ["email","openid","https://www.googleapis.com/auth/cloudplatformprojects.readonly","https://www.googleapis.com/auth/firebase","https://www.googleapis.com/auth/cloud-platform"]
[debug] [2021-02-16T06:18:24.562Z] > authorizing via signed-in user
[info] 
     ######## #### ########  ######## ########     ###     ######  ########
     ##        ##  ##     ## ##       ##     ##  ##   ##  ##       ##
     ######    ##  ########  ######   ########  #########  ######  ######
     ##        ##  ##    ##  ##       ##     ## ##     ##       ## ##
     ##       #### ##     ## ######## ########  ##     ##  ######  ########

You're about to initialize a Firebase project in this directory:

  C:\Users\Я\220\crm

[debug] [2021-02-16T06:18:25.123Z] <<< [apiv2][status] GET https://firebase-public.firebaseio.com/cli.json 200
[debug] [2021-02-16T06:18:25.124Z] <<< [apiv2][body] GET https://firebase-public.firebaseio.com/cli.json {"cloudBuildErrorAfter":1594252800000,"cloudBuildWarnAfter":1590019200000,"defaultNode10After":1594252800000,"minVersion":"3.0.5","node8DeploysDisabledAfter":1613390400000,"node8RuntimeDisabledAfter":1615809600000,"node8WarnAfter":1600128000000}
